Aug-23 00:31:18.790 [main] DEBUG nextflow.cli.Launcher - $> nextflow run main.nf
Aug-23 00:31:18.901 [main] DEBUG nextflow.cli.CmdRun - N E X T F L O W  ~  version 24.04.4
Aug-23 00:31:18.925 [main] DEBUG nextflow.plugin.PluginsFacade - Setting up plugin manager > mode=prod; embedded=false; plugins-dir=/home/paulinapg/.nextflow/plugins; core-plugins: nf-amazon@2.5.3,nf-azure@1.6.1,nf-cloudcache@0.4.1,nf-codecommit@0.2.1,nf-console@1.1.3,nf-ga4gh@1.3.0,nf-google@1.13.2-patch1,nf-tower@1.9.1,nf-wave@1.4.2-patch1
Aug-23 00:31:18.938 [main] INFO  o.pf4j.DefaultPluginStatusProvider - Enabled plugins: []
Aug-23 00:31:18.939 [main] INFO  o.pf4j.DefaultPluginStatusProvider - Disabled plugins: []
Aug-23 00:31:18.943 [main] INFO  org.pf4j.DefaultPluginManager - PF4J version 3.12.0 in 'deployment' mode
Aug-23 00:31:18.959 [main] INFO  org.pf4j.AbstractPluginManager - No plugins
Aug-23 00:31:18.986 [main] DEBUG nextflow.config.ConfigBuilder - Found config local: /datos/home/paulinapg/redesROSMAP/QC_nextflow/nextflow.config
Aug-23 00:31:18.989 [main] DEBUG nextflow.config.ConfigBuilder - Parsing config file: /datos/home/paulinapg/redesROSMAP/QC_nextflow/nextflow.config
Aug-23 00:31:19.024 [main] DEBUG n.secret.LocalSecretsProvider - Secrets store: /home/paulinapg/.nextflow/secrets/store.json
Aug-23 00:31:19.028 [main] DEBUG nextflow.secret.SecretsLoader - Discovered secrets providers: [nextflow.secret.LocalSecretsProvider@5491f68b] - activable => nextflow.secret.LocalSecretsProvider@5491f68b
Aug-23 00:31:19.035 [main] DEBUG nextflow.config.ConfigBuilder - Applying config profile: `standard`
Aug-23 00:31:19.675 [main] DEBUG nextflow.cli.CmdRun - Applied DSL=2 from script declaration
Aug-23 00:31:19.702 [main] DEBUG nextflow.cli.CmdRun - Launching `main.nf` [trusting_bose] DSL2 - revision: 7e0b5bfff6
Aug-23 00:31:19.704 [main] DEBUG nextflow.plugin.PluginsFacade - Plugins default=[]
Aug-23 00:31:19.704 [main] DEBUG nextflow.plugin.PluginsFacade - Plugins resolved requirement=[]
Aug-23 00:31:19.763 [main] DEBUG nextflow.Session - Session UUID: d552d282-9a35-4e00-991a-34707e775732
Aug-23 00:31:19.764 [main] DEBUG nextflow.Session - Run name: trusting_bose
Aug-23 00:31:19.764 [main] DEBUG nextflow.Session - Executor pool size: 80
Aug-23 00:31:19.773 [main] DEBUG nextflow.file.FilePorter - File porter settings maxRetries=3; maxTransfers=50; pollTimeout=null
Aug-23 00:31:19.779 [main] DEBUG nextflow.util.ThreadPoolBuilder - Creating thread pool 'FileTransfer' minSize=10; maxSize=240; workQueue=LinkedBlockingQueue[10000]; allowCoreThreadTimeout=false
Aug-23 00:31:19.803 [main] DEBUG nextflow.cli.CmdRun - 
  Version: 24.04.4 build 5917
  Created: 01-08-2024 07:05 UTC 
  System: Linux 5.15.0-118-generic
  Runtime: Groovy 4.0.21 on OpenJDK 64-Bit Server VM 11.0.24+8-post-Ubuntu-1ubuntu322.04
  Encoding: UTF-8 (UTF-8)
  Process: 359623@keter [10.0.13.50]
  CPUs: 80 - Mem: 1006.6 GB (287.6 GB) - Swap: 16 GB (554.5 MB)
Aug-23 00:31:19.828 [main] DEBUG nextflow.Session - Work-dir: /datos/home/paulinapg/redesROSMAP/QC_nextflow/results/nextflow_work_dir [zfs]
Aug-23 00:31:19.829 [main] DEBUG nextflow.Session - Script base path does not exist or is not a directory: /datos/home/paulinapg/redesROSMAP/QC_nextflow/bin
Aug-23 00:31:19.843 [main] DEBUG nextflow.executor.ExecutorFactory - Extension executors providers=[]
Aug-23 00:31:19.854 [main] DEBUG nextflow.Session - Observer factory: DefaultObserverFactory
Aug-23 00:31:19.883 [main] DEBUG nextflow.cache.CacheFactory - Using Nextflow cache factory: nextflow.cache.DefaultCacheFactory
Aug-23 00:31:19.894 [main] DEBUG nextflow.util.CustomThreadPool - Creating default thread pool > poolSize: 81; maxThreads: 1000
Aug-23 00:31:19.955 [main] DEBUG nextflow.Session - Session start
Aug-23 00:31:20.177 [main] DEBUG nextflow.script.ScriptRunner - > Launching execution
Aug-23 00:31:20.313 [main] INFO  nextflow.script.BaseScript -  
Aug-23 00:31:20.314 [main] INFO  nextflow.script.BaseScript - RNA-seq quality control
Aug-23 00:31:20.314 [main] INFO  nextflow.script.BaseScript - Nombre del proyecto: Prueba_1
Aug-23 00:31:20.315 [main] INFO  nextflow.script.BaseScript - Información de las muestras: data_info.tsv
Aug-23 00:31:20.315 [main] INFO  nextflow.script.BaseScript - Directorio de salida: results//out
Aug-23 00:31:20.315 [main] INFO  nextflow.script.BaseScript -  
Aug-23 00:31:20.530 [main] DEBUG nextflow.executor.ExecutorFactory - << taskConfig executor: local
Aug-23 00:31:20.531 [main] DEBUG nextflow.executor.ExecutorFactory - >> processorType: 'local'
Aug-23 00:31:20.537 [main] DEBUG nextflow.executor.Executor - [warm up] executor > local
Aug-23 00:31:20.543 [main] DEBUG n.processor.LocalPollingMonitor - Creating local task monitor for executor 'local' > cpus=80; memory=1006.6 GB; capacity=10; pollInterval=100ms; dumpInterval=5m
Aug-23 00:31:20.546 [main] DEBUG n.processor.TaskPollingMonitor - >>> barrier register (monitor: local)
Aug-23 00:31:20.607 [main] DEBUG nextflow.Session - Workflow process names [dsl2]: rna_qc_noiseq
Aug-23 00:31:20.608 [main] DEBUG nextflow.Session - Igniting dataflow network (2)
Aug-23 00:31:20.616 [main] DEBUG nextflow.processor.TaskProcessor - Starting process > rna_qc_noiseq
Aug-23 00:31:20.618 [main] DEBUG nextflow.script.ScriptRunner - Parsed script files:
  Script_9083c9421ab2aff8: /home/paulinapg/redesROSMAP/QC_nextflow/run_qc.nf
  Script_02dcc454e88a3d40: /datos/home/paulinapg/redesROSMAP/QC_nextflow/main.nf
Aug-23 00:31:20.618 [main] DEBUG nextflow.script.ScriptRunner - > Awaiting termination 
Aug-23 00:31:20.618 [main] DEBUG nextflow.Session - Session await
Aug-23 00:31:20.997 [Task submitter] DEBUG n.executor.local.LocalTaskHandler - Launch cmd line: /bin/bash -ue .command.run
Aug-23 00:31:21.006 [Task submitter] INFO  nextflow.Session - [8e/dc8001] Submitted process > rna_qc_noiseq (1)
Aug-23 00:31:21.026 [Task submitter] DEBUG n.executor.local.LocalTaskHandler - Launch cmd line: /bin/bash -ue .command.run
Aug-23 00:31:21.027 [Task submitter] INFO  nextflow.Session - [55/b784b5] Submitted process > rna_qc_noiseq (5)
Aug-23 00:31:21.037 [Task submitter] DEBUG n.executor.local.LocalTaskHandler - Launch cmd line: /bin/bash -ue .command.run
Aug-23 00:31:21.038 [Task submitter] INFO  nextflow.Session - [8b/52e846] Submitted process > rna_qc_noiseq (3)
Aug-23 00:31:21.047 [Task submitter] DEBUG n.executor.local.LocalTaskHandler - Launch cmd line: /bin/bash -ue .command.run
Aug-23 00:31:21.048 [Task submitter] INFO  nextflow.Session - [0c/3617ab] Submitted process > rna_qc_noiseq (4)
Aug-23 00:31:21.056 [Task submitter] DEBUG n.executor.local.LocalTaskHandler - Launch cmd line: /bin/bash -ue .command.run
Aug-23 00:31:21.058 [Task submitter] INFO  nextflow.Session - [7d/e84454] Submitted process > rna_qc_noiseq (2)
Aug-23 00:31:39.169 [Task monitor] DEBUG n.processor.TaskPollingMonitor - Task completed > TaskHandler[id: 2; name: rna_qc_noiseq (2); status: COMPLETED; exit: 1; error: -; workDir: /datos/home/paulinapg/redesROSMAP/QC_nextflow/results/nextflow_work_dir/7d/e844549f5a90967bf8f84e3752e259]
Aug-23 00:31:39.172 [Task monitor] DEBUG nextflow.util.ThreadPoolBuilder - Creating thread pool 'TaskFinalizer' minSize=10; maxSize=240; workQueue=LinkedBlockingQueue[10000]; allowCoreThreadTimeout=false
Aug-23 00:31:39.182 [TaskFinalizer-1] DEBUG nextflow.processor.TaskProcessor - Handling unexpected condition for
  task: name=rna_qc_noiseq (2); work-dir=/datos/home/paulinapg/redesROSMAP/QC_nextflow/results/nextflow_work_dir/7d/e844549f5a90967bf8f84e3752e259
  error [nextflow.exception.ProcessFailedException]: Process `rna_qc_noiseq (2)` terminated with an error exit status (1)
Aug-23 00:31:39.207 [Task monitor] DEBUG n.processor.TaskPollingMonitor - Task completed > TaskHandler[id: 5; name: rna_qc_noiseq (5); status: COMPLETED; exit: 1; error: -; workDir: /datos/home/paulinapg/redesROSMAP/QC_nextflow/results/nextflow_work_dir/55/b784b5a6f9e9c7c186d87d152f1cbe]
Aug-23 00:31:39.210 [TaskFinalizer-1] ERROR nextflow.processor.TaskProcessor - Error executing process > 'rna_qc_noiseq (2)'

Caused by:
  Process `rna_qc_noiseq (2)` terminated with an error exit status (1)


Command executed:

  Rscript /home/paulinapg/redesROSMAP/QC_nextflow/scripts/2.pre-promRNA_parallel_copy.R ROSMAP_RNAseq_rawcounts_FC.rds RNA_seq_metadata_FC.txt

Command exit status:
  1

Command output:
  [1]  0 42
  [1] 60603   124
  [1] 60558   124
  [1] 60558     1
  [1] 0 4

Command error:
  Rows: 123 Columns: 42
  ── Column specification ────────────────────────────────────────────────────────
  Delimiter: "\t"
  chr (19): specimenID, platform, libraryPrep, libraryPreparationMethod, readS...
  dbl (18): RIN, sequencingBatch, readLength, BrodmannArea, msex, educ, race, ...
  lgl  (5): libraryBatch, isStranded, isPostMortem, exclude, excludeReason
  
  ℹ Use `spec()` to retrieve the full column specification for this data.
  ℹ Specify the column types or set `show_col_types = FALSE` to quiet this message.
  [1]  0 42
  [1] 60603   124
  Warning message:
  There was 1 warning in `summarize()`.
  ℹ In argument: `across(everything(), median, na.rm = TRUE)`.
  ℹ In group 1: `feature = "ENSG00000002586"`.
  Caused by warning:
  ! The `...` argument of `across()` is deprecated as of dplyr 1.1.0.
  Supply arguments directly to `.fns` through an anonymous function instead.
  
    # Previously
    across(a:b, mean, na.rm = TRUE)
  
    # Now
    across(a:b, \(x) mean(x, na.rm = TRUE)) 
  [1] 60558   124
  [1] 60558     1
  [1] 0 4
  Error in `dplyr::select()`:
  ! Can't select columns past the end.
  ℹ Location 1 doesn't exist.
  ℹ There are only 0 columns.
  Backtrace:
       ▆
    1. ├─counts %>% ...
    2. ├─dplyr::select(., 1, intersect(colnames(counts), factors$specimenID))
    3. ├─dplyr:::select.data.frame(., 1, intersect(colnames(counts), factors$specimenID))
    4. │ └─tidyselect::eval_select(expr(c(...)), data = .data, error_call = error_call)
    5. │   └─tidyselect:::eval_select_impl(...)
    6. │     ├─tidyselect:::with_subscript_errors(...)
    7. │     │ └─base::withCallingHandlers(...)
    8. │     └─tidyselect:::vars_select_eval(...)
    9. │       └─tidyselect:::loc_validate(pos, vars, call = error_call)
   10. │         └─vctrs::vec_as_location(pos, n = length(vars), call = call)
   11. └─vctrs (local) `<fn>`()
   12.   └─vctrs:::stop_subscript_oob(...)
   13.     └─vctrs:::stop_subscript(...)
   14.       └─rlang::abort(...)
  Execution halted

Work dir:
  /datos/home/paulinapg/redesROSMAP/QC_nextflow/results/nextflow_work_dir/7d/e844549f5a90967bf8f84e3752e259

Tip: view the complete command output by changing to the process work dir and entering the command `cat .command.out`
Aug-23 00:31:39.214 [TaskFinalizer-2] DEBUG nextflow.processor.TaskProcessor - Handling unexpected condition for
  task: name=rna_qc_noiseq (5); work-dir=/datos/home/paulinapg/redesROSMAP/QC_nextflow/results/nextflow_work_dir/55/b784b5a6f9e9c7c186d87d152f1cbe
  error [nextflow.exception.ProcessFailedException]: Process `rna_qc_noiseq (5)` terminated with an error exit status (1)
Aug-23 00:31:39.226 [TaskFinalizer-1] DEBUG nextflow.Session - Session aborted -- Cause: Process `rna_qc_noiseq (2)` terminated with an error exit status (1)
Aug-23 00:31:39.242 [main] DEBUG nextflow.Session - Session await > all processes finished
Aug-23 00:31:39.243 [main] DEBUG nextflow.Session - Session await > all barriers passed
Aug-23 00:31:39.243 [Task monitor] DEBUG n.processor.TaskPollingMonitor - <<< barrier arrives (monitor: local) - terminating tasks monitor poll loop
Aug-23 00:31:39.299 [main] WARN  n.processor.TaskPollingMonitor - Killing running tasks (3)
Aug-23 00:31:39.365 [main] DEBUG n.trace.WorkflowStatsObserver - Workflow completed > WorkflowStats[succeededCount=0; failedCount=2; ignoredCount=0; cachedCount=0; pendingCount=0; submittedCount=0; runningCount=0; retriesCount=0; abortedCount=3; succeedDuration=0ms; failedDuration=36.2s; cachedDuration=0ms;loadCpus=0; loadMemory=0; peakRunning=5; peakCpus=5; peakMemory=0; ]
Aug-23 00:31:39.441 [main] DEBUG nextflow.cache.CacheDB - Closing CacheDB done
Aug-23 00:31:39.457 [main] DEBUG nextflow.script.ScriptRunner - > Execution complete -- Goodbye
